<?xml version="1.0" encoding="UTF-8"?>
<testng-results skipped="0" failed="0" ignored="0" total="1" passed="1">
  <reporter-output>
  </reporter-output>
  <suite name="Suite" duration-ms="192" started-at="2020-04-25T14:54:16 IST" finished-at="2020-04-25T14:54:16 IST">
    <groups>
    </groups>
    <test name="Test - UsingTestNG Pack" duration-ms="192" started-at="2020-04-25T14:54:16 IST" finished-at="2020-04-25T14:54:16 IST">
      <class name="UsingTestNG.valtestng">
        <test-method status="PASS" signature="f()[pri:0, instance:UsingTestNG.valtestng@6737fd8f]" name="f" duration-ms="43" started-at="2020-04-25T14:54:16 IST" finished-at="2020-04-25T14:54:16 IST">
          <reporter-output>
          </reporter-output>
        </test-method> <!-- f -->
      </class> <!-- UsingTestNG.valtestng -->
    </test> <!-- Test - UsingTestNG Pack -->
  </suite> <!-- Suite -->
</testng-results>
