<?xml version="1.0" encoding="UTF-8"?>
<!-- Generated by org.testng.reporters.JUnitXMLReporter -->
<testsuite hostname="WINCTRL-AS5573R" ignored="0" name="Browsers Oriented Tests - Chrome" tests="2" failures="0" timestamp="16 May 2019 04:19:42 GMT" time="0.073" errors="0">
  <testcase name="testinChrome" time="0.006" classname="TestNGSssions.MultiBrowersTest"/>
  <testcase name="testinFF" time="0.012" classname="TestNGSssions.MultiBrowersTest"/>
</testsuite> <!-- Browsers Oriented Tests - Chrome -->
